<?xml version="1.0" encoding="UTF-8"?>
<!-- Generated by org.testng.reporters.JUnitReportReporter -->
<testsuite skipped="0" hostname="DESKTOP-HH3Q0LM" name="MavenSelenium.MavenSeleniumJava.ExempleTest" tests="1" failures="0" timestamp="2021-01-04T09:46:48 EST" time="14.707" errors="0">
  <testcase name="printSomething" time="14.707" classname="MavenSelenium.MavenSeleniumJava.ExempleTest"/>
  <system-out/>
</testsuite> <!-- MavenSelenium.MavenSeleniumJava.ExempleTest -->
